User Agent
M,o,z,i,l,l,a,/,5,.,0, ,(,W,i,n,d,o,w,s, ,N,T, ,1,0,.,0,;, ,W,i,n,6,4,;, ,x,6,4,), ,A,p,p,l,e,W,e,b,K,i,t,/,5,3,7,.,3,6, ,(,K,H,T,M,L,",", ,l,i,k,e, ,G,e,c,k,o,), ,C,h,r,o,m,e,/,1,2,1,.,0,.,0,.,0, ,S,a,f,a,r,i,/,5,3,7,.,3,6, ,E,d,g,/,1,2,1,.,0,.,0,.,0, ,U,n,i,q,u,e,/,9,7,.,7,.,7,2,8,6,.,7,0
User Agent
M,o,z,i,l,l,a,/,5,.,0, ,(,i,P,h,o,n,e,;, ,C,P,U, ,i,P,h,o,n,e, ,O,S, ,1,7,_,1, ,l,i,k,e, ,M,a,c, ,O,S, ,X,), ,A,p,p,l,e,W,e,b,K,i,t,/,6,0,5,.,1,.,1,5, ,(,K,H,T,M,L,",", ,l,i,k,e, ,G,e,c,k,o,), ,E,d,g,i,O,S,/,1,1,9,.,0,.,2,1,5,1,.,7,8, ,V,e,r,s,i,o,n,/,1,7,.,0, ,M,o,b,i,l,e,/,1,5,E,1,4,8, ,S,a,f,a,r,i,/,6,0,4,.,1
User Agent
M,o,z,i,l,l,a,/,5,.,0, ,(,i,P,h,o,n,e,;, ,C,P,U, ,i,P,h,o,n,e, ,O,S, ,1,7,_,0, ,l,i,k,e, ,M,a,c, ,O,S, ,X,), ,A,p,p,l,e,W,e,b,K,i,t,/,6,0,5,.,1,.,1,5, ,(,K,H,T,M,L,",", ,l,i,k,e, ,G,e,c,k,o,), ,V,e,r,s,i,o,n,/,1,7,.,0, ,M,o,b,i,l,e,/,1,5,E,1,4,8, ,S,a,f,a,r,i,/,6,0,4,.,1, ,R,D,D,o,c,u,m,e,n,t,s,/,8,.,4,.,8,.,9,4,0
User Agent
M,o,z,i,l,l,a,/,5,.,0, ,(,W,i,n,d,o,w,s, ,N,T, ,1,0,.,0,;, ,W,i,n,6,4,;, ,x,6,4,), ,A,p,p,l,e,W,e,b,K,i,t,/,5,3,7,.,3,6, ,(,K,H,T,M,L,",", ,l,i,k,e, ,G,e,c,k,o,), ,C,h,r,o,m,e,/,1,2,1,.,0,.,0,.,0, ,S,a,f,a,r,i,/,5,3,7,.,3,6, ,E,d,g,/,1,2,1,.,0,.,0,.,0, ,A,g,e,n,c,y,/,9,8,.,8,.,8,1,8,8,.,8,0
User Agent
M,o,z,i,l,l,a,/,5,.,0, ,(,W,i,n,d,o,w,s, ,N,T, ,1,0,.,0,;, ,W,i,n,6,4,;, ,x,6,4,), ,A,p,p,l,e,W,e,b,K,i,t,/,5,3,7,.,3,6, ,(,K,H,T,M,L,",", ,l,i,k,e, ,G,e,c,k,o,), ,C,h,r,o,m,e,/,1,2,1,.,0,.,0,.,0, ,S,a,f,a,r,i,/,5,3,7,.,3,6, ,E,d,g,/,1,2,1,.,0,.,0,.,0
User Agent
M,o,z,i,l,l,a,/,5,.,0, ,(,W,i,n,d,o,w,s, ,N,T, ,1,0,.,0,;, ,W,i,n,6,4,;, ,x,6,4,), ,A,p,p,l,e,W,e,b,K,i,t,/,5,3,7,.,3,6, ,(,K,H,T,M,L,",", ,l,i,k,e, ,G,e,c,k,o,), ,C,h,r,o,m,e,/,1,2,1,.,0,.,0,.,0, ,S,a,f,a,r,i,/,5,3,7,.,3,6, ,E,d,g,/,1,2,1,.,0,.,0,.,0
User Agent
M,o,z,i,l,l,a,/,5,.,0, ,(,W,i,n,d,o,w,s, ,N,T, ,1,0,.,0,;, ,W,i,n,6,4,;, ,x,6,4,), ,A,p,p,l,e,W,e,b,K,i,t,/,5,3,7,.,3,6, ,(,K,H,T,M,L,",", ,l,i,k,e, ,G,e,c,k,o,), ,C,h,r,o,m,e,/,1,2,2,.,0,.,0,.,0, ,S,a,f,a,r,i,/,5,3,7,.,3,6
User Agent
M,o,z,i,l,l,a,/,5,.,0, ,(,W,i,n,d,o,w,s, ,N,T, ,1,0,.,0,;, ,W,i,n,6,4,;, ,x,6,4,), ,A,p,p,l,e,W,e,b,K,i,t,/,5,3,7,.,3,6, ,(,K,H,T,M,L,",", ,l,i,k,e, ,G,e,c,k,o,), ,C,h,r,o,m,e,/,1,2,1,.,0,.,0,.,0, ,S,a,f,a,r,i,/,5,3,7,.,3,6, ,E,d,g,/,1,2,1,.,0,.,0,.,0, ,G,L,S,/,1,0,0,.,1,0,.,9,4,1,5,.,9,4
User Agent
M,o,z,i,l,l,a,/,5,.,0, ,(,W,i,n,d,o,w,s, ,N,T, ,1,0,.,0,;, ,W,i,n,6,4,;, ,x,6,4,), ,A,p,p,l,e,W,e,b,K,i,t,/,5,3,7,.,3,6, ,(,K,H,T,M,L,",", ,l,i,k,e, ,G,e,c,k,o,), ,C,h,r,o,m,e,/,1,2,1,.,0,.,0,.,0, ,S,a,f,a,r,i,/,5,3,7,.,3,6, ,E,d,g,/,1,2,1,.,0,.,0,.,0, ,H,e,r,r,i,n,g,/,9,5,.,1,.,1,9,3,0,.,3,1
User Agent
M,o,z,i,l,l,a,/,5,.,0, ,(,X,1,1,;, ,L,i,n,u,x, ,x,8,6,_,6,4,;, ,r,v,:,1,2,3,.,0,), ,G,e,c,k,o,/,2,0,1,0,0,1,0,1, ,F,i,r,e,f,o,x,/,1,2,3,.,0
User Agent
M,o,z,i,l,l,a,/,5,.,0, ,(,W,i,n,d,o,w,s, ,N,T, ,1,0,.,0,;, ,W,i,n,6,4,;, ,x,6,4,;, ,r,v,:,1,2,3,.,0,), ,G,e,c,k,o,/,2,0,1,0,0,1,0,1, ,F,i,r,e,f,o,x,/,1,2,3,.,0
User Agent
M,o,z,i,l,l,a,/,5,.,0, ,(,i,P,h,o,n,e,;, ,C,P,U, ,i,P,h,o,n,e, ,O,S, ,1,7,_,0, ,l,i,k,e, ,M,a,c, ,O,S, ,X,), ,A,p,p,l,e,W,e,b,K,i,t,/,6,0,5,.,1,.,1,5, ,(,K,H,T,M,L,",", ,l,i,k,e, ,G,e,c,k,o,), ,V,e,r,s,i,o,n,/,1,7,.,0, ,M,o,b,i,l,e,/,1,5,E,1,4,8, ,S,a,f,a,r,i,/,6,0,4,.,1, ,O,P,X,/,2,.,1,.,0
User Agent
M,o,z,i,l,l,a,/,5,.,0, ,(,W,i,n,d,o,w,s, ,N,T, ,1,0,.,0,;, ,W,i,n,6,4,;, ,x,6,4,), ,A,p,p,l,e,W,e,b,K,i,t,/,5,3,7,.,3,6, ,(,K,H,T,M,L,",", ,l,i,k,e, ,G,e,c,k,o,), ,C,h,r,o,m,e,/,1,2,2,.,0,.,0,.,0, ,S,a,f,a,r,i,/,5,3,7,.,3,6
User Agent
M,o,z,i,l,l,a,/,5,.,0, ,(,i,P,h,o,n,e,;, ,C,P,U, ,i,P,h,o,n,e, ,O,S, ,1,7,_,0,_,2, ,l,i,k,e, ,M,a,c, ,O,S, ,X,), ,A,p,p,l,e,W,e,b,K,i,t,/,6,0,5,.,1,.,1,5, ,(,K,H,T,M,L,",", ,l,i,k,e, ,G,e,c,k,o,), ,V,e,r,s,i,o,n,/,1,7,.,0, ,M,o,b,i,l,e,/,1,5,E,1,4,8, ,S,a,f,a,r,i,/,6,0,4,.,1
User Agent
M,o,z,i,l,l,a,/,5,.,0, ,(,W,i,n,d,o,w,s, ,N,T, ,1,0,.,0,;, ,W,i,n,6,4,;, ,x,6,4,), ,A,p,p,l,e,W,e,b,K,i,t,/,5,3,7,.,3,6, ,(,K,H,T,M,L,",", ,l,i,k,e, ,G,e,c,k,o,), ,C,h,r,o,m,e,/,1,2,1,.,0,.,0,.,0, ,S,a,f,a,r,i,/,5,3,7,.,3,6, ,E,d,g,/,1,2,1,.,0,.,0,.,0
User Agent
M,o,z,i,l,l,a,/,5,.,0, ,(,i,P,h,o,n,e,;, ,C,P,U, ,i,P,h,o,n,e, ,O,S, ,1,7,_,2, ,l,i,k,e, ,M,a,c, ,O,S, ,X,), ,A,p,p,l,e,W,e,b,K,i,t,/,6,0,5,.,1,.,1,5, ,(,K,H,T,M,L,",", ,l,i,k,e, ,G,e,c,k,o,), ,E,d,g,i,O,S,/,1,2,0,.,0,.,2,2,1,0,.,1,2,6, ,V,e,r,s,i,o,n,/,1,7,.,0, ,M,o,b,i,l,e,/,1,5,E,1,4,8, ,S,a,f,a,r,i,/,6,0,4,.,1
User Agent
M,o,z,i,l,l,a,/,5,.,0, ,(,W,i,n,d,o,w,s, ,N,T, ,1,0,.,0,;, ,W,i,n,6,4,;, ,x,6,4,), ,A,p,p,l,e,W,e,b,K,i,t,/,5,3,7,.,3,6, ,(,K,H,T,M,L,",", ,l,i,k,e, ,G,e,c,k,o,), ,C,h,r,o,m,e,/,1,2,1,.,0,.,0,.,0, ,S,a,f,a,r,i,/,5,3,7,.,3,6, ,E,d,g,/,1,2,1,.,0,.,0,.,0, ,T,r,a,i,l,e,r,/,9,2,.,3,.,3,3,5,7,.,2,7
User Agent
M,o,z,i,l,l,a,/,5,.,0, ,(,L,i,n,u,x,;, ,A,n,d,r,o,i,d, ,1,0,;, ,K,), ,A,p,p,l,e,W,e,b,K,i,t,/,5,3,7,.,3,6, ,(,K,H,T,M,L,",", ,l,i,k,e, ,G,e,c,k,o,), ,C,h,r,o,m,e,/,1,2,1,.,0,.,0,.,0, ,M,o,b,i,l,e, ,S,a,f,a,r,i,/,5,3,7,.,3,6, ,E,d,g,A,/,1,2,1,.,0,.,0,.,0
User Agent
M,o,z,i,l,l,a,/,5,.,0, ,(,W,i,n,d,o,w,s, ,N,T, ,1,0,.,0,;, ,W,i,n,6,4,;, ,x,6,4,), ,A,p,p,l,e,W,e,b,K,i,t,/,5,3,7,.,3,6, ,(,K,H,T,M,L,",", ,l,i,k,e, ,G,e,c,k,o,), ,C,h,r,o,m,e,/,1,2,2,.,0,.,0,.,0, ,S,a,f,a,r,i,/,5,3,7,.,3,6, ,C,o,n,f,i,g,/,9,2,.,2,.,2,7,8,8,.,2,0
User Agent
M,o,z,i,l,l,a,/,5,.,0, ,(,L,i,n,u,x,;, ,A,n,d,r,o,i,d, ,1,1,;, ,m,o,t,o, ,e,2,0, ,B,u,i,l,d,/,R,O,N,S,3,1,.,2,6,7,-,9,4,-,1,4,), ,A,p,p,l,e,W,e,b,K,i,t,/,5,3,7,.,3,6, ,(,K,H,T,M,L,",", ,l,i,k,e, ,G,e,c,k,o,), ,C,h,r,o,m,e,/,1,2,2,.,0,.,6,2,6,1,.,6,4, ,M,o,b,i,l,e, ,S,a,f,a,r,i,/,5,3,7,.,3,6
User Agent
M,o,z,i,l,l,a,/,5,.,0, ,(,L,i,n,u,x,;, ,A,n,d,r,o,i,d, ,1,0,;, ,K,), ,A,p,p,l,e,W,e,b,K,i,t,/,5,3,7,.,3,6, ,(,K,H,T,M,L,",", ,l,i,k,e, ,G,e,c,k,o,), ,C,h,r,o,m,e,/,1,2,2,.,0,.,0,.,0, ,M,o,b,i,l,e, ,S,a,f,a,r,i,/,5,3,7,.,3,6
User Agent
M,o,z,i,l,l,a,/,5,.,0, ,(,W,i,n,d,o,w,s, ,N,T, ,1,0,.,0,;, ,W,i,n,6,4,;, ,x,6,4,), ,A,p,p,l,e,W,e,b,K,i,t,/,5,3,7,.,3,6, ,(,K,H,T,M,L,",", ,l,i,k,e, ,G,e,c,k,o,), ,C,h,r,o,m,e,/,1,2,2,.,0,.,0,.,0, ,S,a,f,a,r,i,/,5,3,7,.,3,6, ,T,r,a,i,l,e,r,/,9,3,.,3,.,3,5,1,6,.,2,8
User Agent
M,o,z,i,l,l,a,/,5,.,0, ,(,W,i,n,d,o,w,s, ,N,T, ,1,0,.,0,;, ,W,i,n,6,4,;, ,x,6,4,), ,A,p,p,l,e,W,e,b,K,i,t,/,5,3,7,.,3,6, ,(,K,H,T,M,L,",", ,l,i,k,e, ,G,e,c,k,o,), ,C,h,r,o,m,e,/,1,2,2,.,0,.,0,.,0, ,S,a,f,a,r,i,/,5,3,7,.,3,6
User Agent
M,o,z,i,l,l,a,/,5,.,0, ,(,W,i,n,d,o,w,s, ,N,T, ,1,0,.,0,;, ,W,i,n,6,4,;, ,x,6,4,), ,A,p,p,l,e,W,e,b,K,i,t,/,5,3,7,.,3,6, ,(,K,H,T,M,L,",", ,l,i,k,e, ,G,e,c,k,o,), ,C,h,r,o,m,e,/,1,2,1,.,0,.,0,.,0, ,S,a,f,a,r,i,/,5,3,7,.,3,6, ,E,d,g,/,1,2,1,.,0,.,0,.,0
User Agent
M,o,z,i,l,l,a,/,5,.,0, ,(,W,i,n,d,o,w,s, ,N,T, ,1,0,.,0,;, ,W,i,n,6,4,;, ,x,6,4,;, ,r,v,:,1,2,3,.,0,), ,G,e,c,k,o,/,2,0,1,0,0,1,0,1, ,F,i,r,e,f,o,x,/,1,2,3,.,0
User Agent
M,o,z,i,l,l,a,/,5,.,0, ,(,W,i,n,d,o,w,s, ,N,T, ,1,0,.,0,;, ,W,i,n,6,4,;, ,x,6,4,), ,A,p,p,l,e,W,e,b,K,i,t,/,5,3,7,.,3,6, ,(,K,H,T,M,L,",", ,l,i,k,e, ,G,e,c,k,o,), ,C,h,r,o,m,e,/,1,2,1,.,0,.,0,.,0, ,S,a,f,a,r,i,/,5,3,7,.,3,6, ,E,d,g,/,1,2,1,.,0,.,0,.,0
User Agent
M,o,z,i,l,l,a,/,5,.,0, ,(,i,P,h,o,n,e,;, ,C,P,U, ,i,P,h,o,n,e, ,O,S, ,1,7,_,0,_,2, ,l,i,k,e, ,M,a,c, ,O,S, ,X,), ,A,p,p,l,e,W,e,b,K,i,t,/,6,0,5,.,1,.,1,5, ,(,K,H,T,M,L,",", ,l,i,k,e, ,G,e,c,k,o,), ,V,e,r,s,i,o,n,/,1,7,.,0, ,M,o,b,i,l,e,/,1,5,E,1,4,8, ,S,a,f,a,r,i,/,6,0,4,.,1
User Agent
M,o,z,i,l,l,a,/,5,.,0, ,(,W,i,n,d,o,w,s, ,N,T, ,1,0,.,0,;, ,W,i,n,6,4,;, ,x,6,4,), ,A,p,p,l,e,W,e,b,K,i,t,/,5,3,7,.,3,6, ,(,K,H,T,M,L,",", ,l,i,k,e, ,G,e,c,k,o,), ,C,h,r,o,m,e,/,1,2,1,.,0,.,0,.,0, ,S,a,f,a,r,i,/,5,3,7,.,3,6, ,E,d,g,/,1,2,1,.,0,.,0,.,0, ,G,L,S,/,1,0,0,.,1,0,.,9,9,7,9,.,1,0,0
User Agent
M,o,z,i,l,l,a,/,5,.,0, ,(,L,i,n,u,x,;, ,A,n,d,r,o,i,d, ,1,0,;, ,K,), ,A,p,p,l,e,W,e,b,K,i,t,/,5,3,7,.,3,6, ,(,K,H,T,M,L,",", ,l,i,k,e, ,G,e,c,k,o,), ,C,h,r,o,m,e,/,1,2,2,.,0,.,0,.,0, ,M,o,b,i,l,e, ,S,a,f,a,r,i,/,5,3,7,.,3,6
User Agent
M,o,z,i,l,l,a,/,5,.,0, ,(,W,i,n,d,o,w,s, ,N,T, ,1,0,.,0,;, ,W,i,n,6,4,;, ,x,6,4,), ,A,p,p,l,e,W,e,b,K,i,t,/,5,3,7,.,3,6, ,(,K,H,T,M,L,",", ,l,i,k,e, ,G,e,c,k,o,), ,C,h,r,o,m,e,/,1,2,2,.,0,.,0,.,0, ,S,a,f,a,r,i,/,5,3,7,.,3,6
User Agent
M,o,z,i,l,l,a,/,5,.,0, ,(,A,n,d,r,o,i,d, ,8,.,1,.,0,;, ,M,o,b,i,l,e,;, ,r,v,:,1,2,3,.,0,), ,G,e,c,k,o,/,1,2,3,.,0, ,F,i,r,e,f,o,x,/,1,2,3,.,0
User Agent
M,o,z,i,l,l,a,/,5,.,0, ,(,W,i,n,d,o,w,s, ,N,T, ,1,0,.,0,;, ,W,i,n,6,4,;, ,x,6,4,), ,A,p,p,l,e,W,e,b,K,i,t,/,5,3,7,.,3,6, ,(,K,H,T,M,L,",", ,l,i,k,e, ,G,e,c,k,o,), ,C,h,r,o,m,e,/,1,2,2,.,0,.,0,.,0, ,S,a,f,a,r,i,/,5,3,7,.,3,6
User Agent
M,o,z,i,l,l,a,/,5,.,0, ,(,W,i,n,d,o,w,s, ,N,T, ,1,0,.,0,;, ,W,i,n,6,4,;, ,x,6,4,), ,A,p,p,l,e,W,e,b,K,i,t,/,5,3,7,.,3,6, ,(,K,H,T,M,L,",", ,l,i,k,e, ,G,e,c,k,o,), ,C,h,r,o,m,e,/,1,2,1,.,0,.,0,.,0, ,S,a,f,a,r,i,/,5,3,7,.,3,6, ,E,d,g,/,1,2,1,.,0,.,0,.,0
User Agent
M,o,z,i,l,l,a,/,5,.,0, ,(,W,i,n,d,o,w,s, ,N,T, ,1,0,.,0,;, ,W,i,n,6,4,;, ,x,6,4,), ,A,p,p,l,e,W,e,b,K,i,t,/,5,3,7,.,3,6, ,(,K,H,T,M,L,",", ,l,i,k,e, ,G,e,c,k,o,), ,C,h,r,o,m,e,/,1,2,1,.,0,.,0,.,0, ,S,a,f,a,r,i,/,5,3,7,.,3,6, ,E,d,g,/,1,2,1,.,0,.,0,.,0
User Agent
M,o,z,i,l,l,a,/,5,.,0, ,(,W,i,n,d,o,w,s, ,N,T, ,1,0,.,0,;, ,W,i,n,6,4,;, ,x,6,4,), ,A,p,p,l,e,W,e,b,K,i,t,/,5,3,7,.,3,6, ,(,K,H,T,M,L,",", ,l,i,k,e, ,G,e,c,k,o,), ,C,h,r,o,m,e,/,1,2,2,.,0,.,0,.,0, ,S,a,f,a,r,i,/,5,3,7,.,3,6, ,C,o,n,f,i,g,/,9,2,.,2,.,2,7,8,8,.,2,0
User Agent
M,o,z,i,l,l,a,/,5,.,0, ,(,i,P,h,o,n,e,;, ,C,P,U, ,i,P,h,o,n,e, ,O,S, ,1,7,_,2, ,l,i,k,e, ,M,a,c, ,O,S, ,X,), ,A,p,p,l,e,W,e,b,K,i,t,/,6,0,5,.,1,.,1,5, ,(,K,H,T,M,L,",", ,l,i,k,e, ,G,e,c,k,o,), ,E,d,g,i,O,S,/,1,2,0,.,0,.,2,2,1,0,.,1,5,0, ,V,e,r,s,i,o,n,/,1,7,.,0, ,M,o,b,i,l,e,/,1,5,E,1,4,8, ,S,a,f,a,r,i,/,6,0,4,.,1
User Agent
M,o,z,i,l,l,a,/,5,.,0, ,(,L,i,n,u,x,;, ,A,n,d,r,o,i,d, ,1,0,;, ,K,), ,A,p,p,l,e,W,e,b,K,i,t,/,5,3,7,.,3,6, ,(,K,H,T,M,L,",", ,l,i,k,e, ,G,e,c,k,o,), ,C,h,r,o,m,e,/,1,2,2,.,0,.,0,.,0, ,M,o,b,i,l,e, ,S,a,f,a,r,i,/,5,3,7,.,3,6
User Agent
M,o,z,i,l,l,a,/,5,.,0, ,(,W,i,n,d,o,w,s, ,N,T, ,1,0,.,0,;, ,W,i,n,6,4,;, ,x,6,4,), ,A,p,p,l,e,W,e,b,K,i,t,/,5,3,7,.,3,6, ,(,K,H,T,M,L,",", ,l,i,k,e, ,G,e,c,k,o,), ,C,h,r,o,m,e,/,1,2,1,.,0,.,0,.,0, ,S,a,f,a,r,i,/,5,3,7,.,3,6, ,E,d,g,/,1,2,1,.,0,.,0,.,0, ,U,n,i,q,u,e,/,9,7,.,7,.,7,2,8,6,.,7,0
User Agent
M,o,z,i,l,l,a,/,5,.,0, ,(,i,P,h,o,n,e,;, ,C,P,U, ,i,P,h,o,n,e, ,O,S, ,1,7,_,1, ,l,i,k,e, ,M,a,c, ,O,S, ,X,), ,A,p,p,l,e,W,e,b,K,i,t,/,6,0,5,.,1,.,1,5, ,(,K,H,T,M,L,",", ,l,i,k,e, ,G,e,c,k,o,), ,E,d,g,i,O,S,/,1,1,9,.,0,.,2,1,5,1,.,7,8, ,V,e,r,s,i,o,n,/,1,7,.,0, ,M,o,b,i,l,e,/,1,5,E,1,4,8, ,S,a,f,a,r,i,/,6,0,4,.,1
User Agent
M,o,z,i,l,l,a,/,5,.,0, ,(,W,i,n,d,o,w,s, ,N,T, ,1,0,.,0,;, ,W,i,n,6,4,;, ,x,6,4,), ,A,p,p,l,e,W,e,b,K,i,t,/,5,3,7,.,3,6, ,(,K,H,T,M,L,",", ,l,i,k,e, ,G,e,c,k,o,), ,C,h,r,o,m,e,/,1,2,2,.,0,.,0,.,0, ,S,a,f,a,r,i,/,5,3,7,.,3,6, ,T,r,a,i,l,e,r,/,9,3,.,3,.,3,5,1,6,.,2,8
User Agent
M,o,z,i,l,l,a,/,5,.,0, ,(,i,P,h,o,n,e,;, ,C,P,U, ,i,P,h,o,n,e, ,O,S, ,1,7,_,2, ,l,i,k,e, ,M,a,c, ,O,S, ,X,), ,A,p,p,l,e,W,e,b,K,i,t,/,6,0,5,.,1,.,1,5, ,(,K,H,T,M,L,",", ,l,i,k,e, ,G,e,c,k,o,), ,E,d,g,i,O,S,/,1,1,9,.,0,.,2,1,5,1,.,9,6, ,V,e,r,s,i,o,n,/,1,7,.,0, ,M,o,b,i,l,e,/,1,5,E,1,4,8, ,S,a,f,a,r,i,/,6,0,4,.,1
User Agent
M,o,z,i,l,l,a,/,5,.,0, ,(,W,i,n,d,o,w,s, ,N,T, ,1,0,.,0,;, ,W,i,n,6,4,;, ,x,6,4,), ,A,p,p,l,e,W,e,b,K,i,t,/,5,3,7,.,3,6, ,(,K,H,T,M,L,",", ,l,i,k,e, ,G,e,c,k,o,), ,C,h,r,o,m,e,/,1,2,1,.,0,.,0,.,0, ,S,a,f,a,r,i,/,5,3,7,.,3,6, ,E,d,g,/,1,2,1,.,0,.,0,.,0, ,G,L,S,/,1,0,0,.,1,0,.,9,4,1,5,.,9,4
User Agent
M,o,z,i,l,l,a,/,5,.,0, ,(,L,i,n,u,x,;, ,A,n,d,r,o,i,d, ,8,.,1,.,0,;, ,M,o,t,o, ,G, ,(,4,),), ,A,p,p,l,e,W,e,b,K,i,t,/,5,3,7,.,3,6, ,(,K,H,T,M,L,",", ,l,i,k,e, ,G,e,c,k,o,), ,C,h,r,o,m,e,/,1,2,2,.,0,.,0,.,0, ,M,o,b,i,l,e, ,S,a,f,a,r,i,/,5,3,7,.,3,6, ,P,T,S,T,/,2,4,0,2,0,1,.,1,4,4,8,4,4
User Agent
M,o,z,i,l,l,a,/,5,.,0, ,(,L,i,n,u,x,;, ,A,n,d,r,o,i,d, ,1,0,;, ,K,), ,A,p,p,l,e,W,e,b,K,i,t,/,5,3,7,.,3,6, ,(,K,H,T,M,L,",", ,l,i,k,e, ,G,e,c,k,o,), ,C,h,r,o,m,e,/,1,2,2,.,0,.,0,.,0, ,S,a,f,a,r,i,/,5,3,7,.,3,6
User Agent
M,o,z,i,l,l,a,/,5,.,0, ,(,i,P,h,o,n,e,;, ,C,P,U, ,i,P,h,o,n,e, ,O,S, ,1,7,_,0, ,l,i,k,e, ,M,a,c, ,O,S, ,X,), ,A,p,p,l,e,W,e,b,K,i,t,/,6,0,5,.,1,.,1,5, ,(,K,H,T,M,L,",", ,l,i,k,e, ,G,e,c,k,o,), ,E,d,g,i,O,S,/,1,1,7,.,0,.,2,0,4,5,.,4,8, ,V,e,r,s,i,o,n,/,1,7,.,0, ,M,o,b,i,l,e,/,1,5,E,1,4,8, ,S,a,f,a,r,i,/,6,0,4,.,1
User Agent
M,o,z,i,l,l,a,/,5,.,0, ,(,W,i,n,d,o,w,s, ,N,T, ,1,0,.,0,;, ,W,i,n,6,4,;, ,x,6,4,), ,A,p,p,l,e,W,e,b,K,i,t,/,5,3,7,.,3,6, ,(,K,H,T,M,L,",", ,l,i,k,e, ,G,e,c,k,o,), ,C,h,r,o,m,e,/,1,2,2,.,0,.,0,.,0, ,S,a,f,a,r,i,/,5,3,7,.,3,6
User Agent
M,o,z,i,l,l,a,/,5,.,0, ,(,W,i,n,d,o,w,s, ,N,T, ,1,0,.,0,;, ,W,i,n,6,4,;, ,x,6,4,), ,A,p,p,l,e,W,e,b,K,i,t,/,5,3,7,.,3,6, ,(,K,H,T,M,L,",", ,l,i,k,e, ,G,e,c,k,o,), ,C,h,r,o,m,e,/,1,2,1,.,0,.,0,.,0, ,S,a,f,a,r,i,/,5,3,7,.,3,6, ,E,d,g,/,1,2,1,.,0,.,0,.,0
User Agent
M,o,z,i,l,l,a,/,5,.,0, ,(,L,i,n,u,x,;, ,A,n,d,r,o,i,d, ,1,0,;, ,K,), ,A,p,p,l,e,W,e,b,K,i,t,/,5,3,7,.,3,6, ,(,K,H,T,M,L,",", ,l,i,k,e, ,G,e,c,k,o,), ,C,h,r,o,m,e,/,1,2,2,.,0,.,0,.,0, ,M,o,b,i,l,e, ,S,a,f,a,r,i,/,5,3,7,.,3,6
User Agent
M,o,z,i,l,l,a,/,5,.,0, ,(,i,P,h,o,n,e,;, ,C,P,U, ,i,P,h,o,n,e, ,O,S, ,1,7,_,0,_,2, ,l,i,k,e, ,M,a,c, ,O,S, ,X,), ,A,p,p,l,e,W,e,b,K,i,t,/,6,0,5,.,1,.,1,5, ,(,K,H,T,M,L,",", ,l,i,k,e, ,G,e,c,k,o,), ,V,e,r,s,i,o,n,/,1,7,.,0, ,M,o,b,i,l,e,/,1,5,E,1,4,8, ,S,a,f,a,r,i,/,6,0,4,.,1, ,D,d,g,/,1,7,.,0
User Agent
M,o,z,i,l,l,a,/,5,.,0, ,(,i,P,h,o,n,e,;, ,C,P,U, ,i,P,h,o,n,e, ,O,S, ,1,7,_,1, ,l,i,k,e, ,M,a,c, ,O,S, ,X,), ,A,p,p,l,e,W,e,b,K,i,t,/,6,0,5,.,1,.,1,5, ,(,K,H,T,M,L,",", ,l,i,k,e, ,G,e,c,k,o,), ,E,d,g,i,O,S,/,1,2,0,.,0,.,2,2,1,0,.,8,6, ,V,e,r,s,i,o,n,/,1,7,.,0, ,M,o,b,i,l,e,/,1,5,E,1,4,8, ,S,a,f,a,r,i,/,6,0,4,.,1
User Agent
M,o,z,i,l,l,a,/,5,.,0, ,(,L,i,n,u,x,;, ,A,n,d,r,o,i,d, ,1,0,;, ,K,), ,A,p,p,l,e,W,e,b,K,i,t,/,5,3,7,.,3,6, ,(,K,H,T,M,L,",", ,l,i,k,e, ,G,e,c,k,o,), ,C,h,r,o,m,e,/,1,2,2,.,0,.,0,.,0, ,M,o,b,i,l,e, ,S,a,f,a,r,i,/,5,3,7,.,3,6
User Agent
M,o,z,i,l,l,a,/,5,.,0, ,(,W,i,n,d,o,w,s, ,N,T, ,1,0,.,0,;, ,W,i,n,6,4,;, ,x,6,4,), ,A,p,p,l,e,W,e,b,K,i,t,/,5,3,7,.,3,6, ,(,K,H,T,M,L,",", ,l,i,k,e, ,G,e,c,k,o,), ,C,h,r,o,m,e,/,1,2,1,.,0,.,0,.,0, ,S,a,f,a,r,i,/,5,3,7,.,3,6, ,E,d,g,/,1,2,1,.,0,.,0,.,0
User Agent
M,o,z,i,l,l,a,/,5,.,0, ,(,W,i,n,d,o,w,s, ,N,T, ,1,0,.,0,;, ,W,i,n,6,4,;, ,x,6,4,), ,A,p,p,l,e,W,e,b,K,i,t,/,5,3,7,.,3,6, ,(,K,H,T,M,L,",", ,l,i,k,e, ,G,e,c,k,o,), ,C,h,r,o,m,e,/,1,2,2,.,0,.,0,.,0, ,S,a,f,a,r,i,/,5,3,7,.,3,6
User Agent
M,o,z,i,l,l,a,/,5,.,0, ,(,i,P,h,o,n,e,;, ,C,P,U, ,i,P,h,o,n,e, ,O,S, ,1,7,_,0, ,l,i,k,e, ,M,a,c, ,O,S, ,X,), ,A,p,p,l,e,W,e,b,K,i,t,/,6,0,5,.,1,.,1,5, ,(,K,H,T,M,L,",", ,l,i,k,e, ,G,e,c,k,o,), ,E,d,g,i,O,S,/,1,1,6,.,0,.,1,9,3,8,.,5,6, ,V,e,r,s,i,o,n,/,1,7,.,0, ,M,o,b,i,l,e,/,1,5,E,1,4,8, ,S,a,f,a,r,i,/,6,0,4,.,1
User Agent
M,o,z,i,l,l,a,/,5,.,0, ,(,i,P,h,o,n,e,;, ,C,P,U, ,i,P,h,o,n,e, ,O,S, ,1,7,_,3,_,1, ,l,i,k,e, ,M,a,c, ,O,S, ,X,), ,A,p,p,l,e,W,e,b,K,i,t,/,6,0,5,.,1,.,1,5, ,(,K,H,T,M,L,",", ,l,i,k,e, ,G,e,c,k,o,), ,V,e,r,s,i,o,n,/,1,7,.,0, ,E,d,g,i,O,S,/,1,2,1,.,2,2,7,7,.,1,0,7, ,M,o,b,i,l,e,/,1,5,E,1,4,8, ,S,a,f,a,r,i,/,6,0,5,.,1,.,1,5
User Agent
M,o,z,i,l,l,a,/,5,.,0, ,(,W,i,n,d,o,w,s, ,N,T, ,1,0,.,0,;, ,W,i,n,6,4,;, ,x,6,4,), ,A,p,p,l,e,W,e,b,K,i,t,/,5,3,7,.,3,6, ,(,K,H,T,M,L,",", ,l,i,k,e, ,G,e,c,k,o,), ,C,h,r,o,m,e,/,1,2,2,.,0,.,0,.,0, ,S,a,f,a,r,i,/,5,3,7,.,3,6
User Agent
M,o,z,i,l,l,a,/,5,.,0, ,(,L,i,n,u,x,;, ,A,n,d,r,o,i,d, ,1,0,;, ,K,), ,A,p,p,l,e,W,e,b,K,i,t,/,5,3,7,.,3,6, ,(,K,H,T,M,L,",", ,l,i,k,e, ,G,e,c,k,o,), ,C,h,r,o,m,e,/,1,2,2,.,0,.,0,.,0, ,M,o,b,i,l,e, ,S,a,f,a,r,i,/,5,3,7,.,3,6
User Agent
M,o,z,i,l,l,a,/,5,.,0, ,(,W,i,n,d,o,w,s, ,N,T, ,1,0,.,0,;, ,W,i,n,6,4,;, ,x,6,4,;, ,r,v,:,1,2,3,.,0,), ,G,e,c,k,o,/,2,0,1,0,0,1,0,1, ,F,i,r,e,f,o,x,/,1,2,3,.,0
User Agent
M,o,z,i,l,l,a,/,5,.,0, ,(,i,P,a,d,;, ,C,P,U, ,O,S, ,1,7,_,0,_,3, ,l,i,k,e, ,M,a,c, ,O,S, ,X,), ,A,p,p,l,e,W,e,b,K,i,t,/,6,0,5,.,1,.,1,5, ,(,K,H,T,M,L,",", ,l,i,k,e, ,G,e,c,k,o,), ,V,e,r,s,i,o,n,/,1,7,.,0, ,M,o,b,i,l,e,/,1,5,E,1,4,8, ,S,a,f,a,r,i,/,6,0,5,.,1,.,1,5
User Agent
M,o,z,i,l,l,a,/,5,.,0, ,(,W,i,n,d,o,w,s, ,N,T, ,1,0,.,0,;, ,W,i,n,6,4,;, ,x,6,4,), ,A,p,p,l,e,W,e,b,K,i,t,/,5,3,7,.,3,6, ,(,K,H,T,M,L,",", ,l,i,k,e, ,G,e,c,k,o,), ,C,h,r,o,m,e,/,1,2,2,.,0,.,0,.,0, ,S,a,f,a,r,i,/,5,3,7,.,3,6, ,T,r,a,i,l,e,r,/,9,3,.,3,.,3,5,1,6,.,2,8
User Agent
M,o,z,i,l,l,a,/,5,.,0, ,(,W,i,n,d,o,w,s, ,N,T, ,1,0,.,0,;, ,W,i,n,6,4,;, ,x,6,4,), ,A,p,p,l,e,W,e,b,K,i,t,/,5,3,7,.,3,6, ,(,K,H,T,M,L,",", ,l,i,k,e, ,G,e,c,k,o,), ,C,h,r,o,m,e,/,1,2,1,.,0,.,0,.,0, ,S,a,f,a,r,i,/,5,3,7,.,3,6, ,E,d,g,/,1,2,1,.,0,.,0,.,0, ,U,n,i,q,u,e,/,9,7,.,7,.,7,2,8,6,.,7,0
User Agent
M,o,z,i,l,l,a,/,5,.,0, ,(,W,i,n,d,o,w,s, ,N,T, ,1,0,.,0,;, ,W,i,n,6,4,;, ,x,6,4,), ,A,p,p,l,e,W,e,b,K,i,t,/,5,3,7,.,3,6, ,(,K,H,T,M,L,",", ,l,i,k,e, ,G,e,c,k,o,), ,C,h,r,o,m,e,/,1,2,2,.,0,.,0,.,0, ,S,a,f,a,r,i,/,5,3,7,.,3,6
User Agent
M,o,z,i,l,l,a,/,5,.,0, ,(,W,i,n,d,o,w,s, ,N,T, ,1,0,.,0,;, ,W,i,n,6,4,;, ,x,6,4,), ,A,p,p,l,e,W,e,b,K,i,t,/,5,3,7,.,3,6, ,(,K,H,T,M,L,",", ,l,i,k,e, ,G,e,c,k,o,), ,C,h,r,o,m,e,/,1,2,2,.,0,.,0,.,0, ,S,a,f,a,r,i,/,5,3,7,.,3,6
User Agent
M,o,z,i,l,l,a,/,5,.,0, ,(,i,P,h,o,n,e,;, ,C,P,U, ,i,P,h,o,n,e, ,O,S, ,1,7,_,1, ,l,i,k,e, ,M,a,c, ,O,S, ,X,), ,A,p,p,l,e,W,e,b,K,i,t,/,6,0,5,.,1,.,1,5, ,(,K,H,T,M,L,",", ,l,i,k,e, ,G,e,c,k,o,), ,E,d,g,i,O,S,/,1,1,9,.,0,.,2,1,5,1,.,7,8, ,V,e,r,s,i,o,n,/,1,7,.,0, ,M,o,b,i,l,e,/,1,5,E,1,4,8, ,S,a,f,a,r,i,/,6,0,4,.,1
User Agent
M,o,z,i,l,l,a,/,5,.,0, ,(,W,i,n,d,o,w,s, ,N,T, ,1,0,.,0,;, ,W,i,n,6,4,;, ,x,6,4,), ,A,p,p,l,e,W,e,b,K,i,t,/,5,3,7,.,3,6, ,(,K,H,T,M,L,",", ,l,i,k,e, ,G,e,c,k,o,), ,C,h,r,o,m,e,/,1,2,1,.,0,.,0,.,0, ,S,a,f,a,r,i,/,5,3,7,.,3,6, ,E,d,g,/,1,2,1,.,0,.,0,.,0
User Agent
M,o,z,i,l,l,a,/,5,.,0, ,(,i,P,h,o,n,e,;, ,C,P,U, ,i,P,h,o,n,e, ,O,S, ,1,7,_,0,_,1, ,l,i,k,e, ,M,a,c, ,O,S, ,X,), ,A,p,p,l,e,W,e,b,K,i,t,/,6,0,5,.,1,.,1,5, ,(,K,H,T,M,L,",", ,l,i,k,e, ,G,e,c,k,o,), ,V,e,r,s,i,o,n,/,1,7,.,0, ,M,o,b,i,l,e,/,1,5,E,1,4,8, ,S,a,f,a,r,i,/,6,0,4,.,1
User Agent
M,o,z,i,l,l,a,/,5,.,0, ,(,W,i,n,d,o,w,s, ,N,T, ,1,0,.,0,;, ,W,i,n,6,4,;, ,x,6,4,), ,A,p,p,l,e,W,e,b,K,i,t,/,5,3,7,.,3,6, ,(,K,H,T,M,L,",", ,l,i,k,e, ,G,e,c,k,o,), ,C,h,r,o,m,e,/,1,2,1,.,0,.,0,.,0, ,S,a,f,a,r,i,/,5,3,7,.,3,6, ,E,d,g,/,1,2,1,.,0,.,0,.,0, ,G,L,S,/,1,0,0,.,1,0,.,9,8,5,0,.,9,9
User Agent
M,o,z,i,l,l,a,/,5,.,0, ,(,i,P,h,o,n,e,;, ,C,P,U, ,i,P,h,o,n,e, ,O,S, ,1,7,_,1, ,l,i,k,e, ,M,a,c, ,O,S, ,X,), ,A,p,p,l,e,W,e,b,K,i,t,/,6,0,5,.,1,.,1,5, ,(,K,H,T,M,L,",", ,l,i,k,e, ,G,e,c,k,o,), ,E,d,g,i,O,S,/,1,1,9,.,0,.,2,1,5,1,.,6,5, ,V,e,r,s,i,o,n,/,1,7,.,0, ,M,o,b,i,l,e,/,1,5,E,1,4,8, ,S,a,f,a,r,i,/,6,0,4,.,1
User Agent
M,o,z,i,l,l,a,/,5,.,0, ,(,L,i,n,u,x,;, ,A,n,d,r,o,i,d, ,1,0,;, ,K,), ,A,p,p,l,e,W,e,b,K,i,t,/,5,3,7,.,3,6, ,(,K,H,T,M,L,",", ,l,i,k,e, ,G,e,c,k,o,), ,C,h,r,o,m,e,/,1,2,2,.,0,.,0,.,0, ,M,o,b,i,l,e, ,S,a,f,a,r,i,/,5,3,7,.,3,6
User Agent
M,o,z,i,l,l,a,/,5,.,0, ,(,W,i,n,d,o,w,s, ,N,T, ,1,0,.,0,;, ,W,i,n,6,4,;, ,x,6,4,), ,A,p,p,l,e,W,e,b,K,i,t,/,5,3,7,.,3,6, ,(,K,H,T,M,L,",", ,l,i,k,e, ,G,e,c,k,o,), ,C,h,r,o,m,e,/,1,2,1,.,0,.,0,.,0, ,S,a,f,a,r,i,/,5,3,7,.,3,6, ,E,d,g,/,1,2,1,.,0,.,0,.,0
User Agent
M,o,z,i,l,l,a,/,5,.,0, ,(,W,i,n,d,o,w,s, ,N,T, ,1,0,.,0,;, ,W,i,n,6,4,;, ,x,6,4,), ,A,p,p,l,e,W,e,b,K,i,t,/,5,3,7,.,3,6, ,(,K,H,T,M,L,",", ,l,i,k,e, ,G,e,c,k,o,), ,C,h,r,o,m,e,/,1,2,1,.,0,.,0,.,0, ,S,a,f,a,r,i,/,5,3,7,.,3,6, ,E,d,g,/,1,2,1,.,0,.,0,.,0
User Agent
M,o,z,i,l,l,a,/,5,.,0, ,(,W,i,n,d,o,w,s, ,N,T, ,1,0,.,0,;, ,W,i,n,6,4,;, ,x,6,4,), ,A,p,p,l,e,W,e,b,K,i,t,/,5,3,7,.,3,6, ,(,K,H,T,M,L,",", ,l,i,k,e, ,G,e,c,k,o,), ,C,h,r,o,m,e,/,1,2,1,.,0,.,0,.,0, ,S,a,f,a,r,i,/,5,3,7,.,3,6, ,E,d,g,/,1,2,1,.,0,.,0,.,0
User Agent
M,o,z,i,l,l,a,/,5,.,0, ,(,i,P,h,o,n,e,;, ,C,P,U, ,i,P,h,o,n,e, ,O,S, ,1,7,_,0, ,l,i,k,e, ,M,a,c, ,O,S, ,X,), ,A,p,p,l,e,W,e,b,K,i,t,/,6,0,5,.,1,.,1,5, ,(,K,H,T,M,L,",", ,l,i,k,e, ,G,e,c,k,o,), ,E,d,g,i,O,S,/,1,1,6,.,0,.,1,9,3,8,.,7,9, ,V,e,r,s,i,o,n,/,1,7,.,0, ,M,o,b,i,l,e,/,1,5,E,1,4,8, ,S,a,f,a,r,i,/,6,0,4,.,1
User Agent
M,o,z,i,l,l,a,/,5,.,0, ,(,i,P,h,o,n,e,;, ,C,P,U, ,i,P,h,o,n,e, ,O,S, ,1,7,_,0, ,l,i,k,e, ,M,a,c, ,O,S, ,X,), ,A,p,p,l,e,W,e,b,K,i,t,/,6,0,5,.,1,.,1,5, ,(,K,H,T,M,L,",", ,l,i,k,e, ,G,e,c,k,o,), ,E,d,g,i,O,S,/,1,1,9,.,0,.,2,1,5,1,.,1,0,5, ,V,e,r,s,i,o,n,/,1,7,.,0, ,M,o,b,i,l,e,/,1,5,E,1,4,8, ,S,a,f,a,r,i,/,6,0,4,.,1
User Agent
M,o,z,i,l,l,a,/,5,.,0, ,(,L,i,n,u,x,;, ,A,n,d,r,o,i,d, ,1,0,;, ,K,), ,A,p,p,l,e,W,e,b,K,i,t,/,5,3,7,.,3,6, ,(,K,H,T,M,L,",", ,l,i,k,e, ,G,e,c,k,o,), ,C,h,r,o,m,e,/,1,2,2,.,0,.,0,.,0, ,M,o,b,i,l,e, ,S,a,f,a,r,i,/,5,3,7,.,3,6
User Agent
M,o,z,i,l,l,a,/,5,.,0, ,(,i,P,h,o,n,e,;, ,C,P,U, ,i,P,h,o,n,e, ,O,S, ,1,7,_,0, ,l,i,k,e, ,M,a,c, ,O,S, ,X,), ,A,p,p,l,e,W,e,b,K,i,t,/,6,0,5,.,1,.,1,5, ,(,K,H,T,M,L,",", ,l,i,k,e, ,G,e,c,k,o,), ,V,e,r,s,i,o,n,/,1,7,.,0, ,M,o,b,i,l,e,/,1,5,E,1,4,8, ,S,a,f,a,r,i,/,6,0,4,.,1, ,O,P,T,/,4,.,2,.,3
User Agent
M,o,z,i,l,l,a,/,5,.,0, ,(,W,i,n,d,o,w,s, ,N,T, ,1,0,.,0,;, ,W,i,n,6,4,;, ,x,6,4,), ,A,p,p,l,e,W,e,b,K,i,t,/,5,3,7,.,3,6, ,(,K,H,T,M,L,",", ,l,i,k,e, ,G,e,c,k,o,), ,C,h,r,o,m,e,/,1,2,1,.,0,.,0,.,0, ,S,a,f,a,r,i,/,5,3,7,.,3,6, ,E,d,g,/,1,2,1,.,0,.,0,.,0
User Agent
M,o,z,i,l,l,a,/,5,.,0, ,(,W,i,n,d,o,w,s, ,N,T, ,1,0,.,0,;, ,W,i,n,6,4,;, ,x,6,4,), ,A,p,p,l,e,W,e,b,K,i,t,/,5,3,7,.,3,6, ,(,K,H,T,M,L,",", ,l,i,k,e, ,G,e,c,k,o,), ,C,h,r,o,m,e,/,1,2,1,.,0,.,0,.,0, ,S,a,f,a,r,i,/,5,3,7,.,3,6, ,E,d,g,/,1,2,1,.,0,.,0,.,0
User Agent
M,o,z,i,l,l,a,/,5,.,0, ,(,W,i,n,d,o,w,s, ,N,T, ,1,0,.,0,;, ,W,i,n,6,4,;, ,x,6,4,), ,A,p,p,l,e,W,e,b,K,i,t,/,5,3,7,.,3,6, ,(,K,H,T,M,L,",", ,l,i,k,e, ,G,e,c,k,o,), ,C,h,r,o,m,e,/,1,2,1,.,0,.,0,.,0, ,S,a,f,a,r,i,/,5,3,7,.,3,6, ,E,d,g,/,1,2,1,.,0,.,0,.,0, ,U,n,i,q,u,e,/,9,7,.,7,.,7,2,3,9,.,7,0
User Agent
M,o,z,i,l,l,a,/,5,.,0, ,(,i,P,h,o,n,e,;, ,C,P,U, ,i,P,h,o,n,e, ,O,S, ,1,7,_,3, ,l,i,k,e, ,M,a,c, ,O,S, ,X,), ,A,p,p,l,e,W,e,b,K,i,t,/,6,0,5,.,1,.,1,5, ,(,K,H,T,M,L,",", ,l,i,k,e, ,G,e,c,k,o,), ,C,r,i,O,S,/,1,2,2,.,0,.,6,2,6,1,.,6,2, ,M,o,b,i,l,e,/,1,5,E,1,4,8, ,S,a,f,a,r,i,/,6,0,4,.,1
User Agent
M,o,z,i,l,l,a,/,5,.,0, ,(,W,i,n,d,o,w,s, ,N,T, ,1,0,.,0,;, ,W,i,n,6,4,;, ,x,6,4,;, ,r,v,:,1,2,3,.,0,), ,G,e,c,k,o,/,2,0,1,0,0,1,0,1, ,F,i,r,e,f,o,x,/,1,2,3,.,0
User Agent
M,o,z,i,l,l,a,/,5,.,0, ,(,i,P,h,o,n,e,;, ,C,P,U, ,i,P,h,o,n,e, ,O,S, ,1,7,_,2, ,l,i,k,e, ,M,a,c, ,O,S, ,X,), ,A,p,p,l,e,W,e,b,K,i,t,/,6,0,5,.,1,.,1,5, ,(,K,H,T,M,L,",", ,l,i,k,e, ,G,e,c,k,o,), ,E,d,g,i,O,S,/,1,2,0,.,0,.,2,2,1,0,.,1,4,1, ,V,e,r,s,i,o,n,/,1,7,.,0, ,M,o,b,i,l,e,/,1,5,E,1,4,8, ,S,a,f,a,r,i,/,6,0,4,.,1
User Agent
M,o,z,i,l,l,a,/,5,.,0, ,(,W,i,n,d,o,w,s, ,N,T, ,1,0,.,0,;, ,W,i,n,6,4,;, ,x,6,4,;, ,r,v,:,1,2,3,.,0,), ,G,e,c,k,o,/,2,0,1,0,0,1,0,1, ,F,i,r,e,f,o,x,/,1,2,3,.,0, ,O,p,e,n,W,a,v,e,/,9,4,.,4,.,4,5,0,4,.,3,9
User Agent
M,o,z,i,l,l,a,/,5,.,0, ,(,M,a,c,i,n,t,o,s,h,;, ,I,n,t,e,l, ,M,a,c, ,O,S, ,X, ,1,0,_,1,5,), ,A,p,p,l,e,W,e,b,K,i,t,/,6,0,5,.,1,.,1,5, ,(,K,H,T,M,L,",", ,l,i,k,e, ,G,e,c,k,o,), ,V,e,r,s,i,o,n,/,1,7,.,0, ,D,u,c,k,D,u,c,k,G,o,/,7, ,S,a,f,a,r,i,/,6,0,5,.,1,.,1,5
User Agent
M,o,z,i,l,l,a,/,5,.,0, ,(,i,P,h,o,n,e,;, ,C,P,U, ,i,P,h,o,n,e, ,O,S, ,1,7,_,2, ,l,i,k,e, ,M,a,c, ,O,S, ,X,), ,A,p,p,l,e,W,e,b,K,i,t,/,6,0,5,.,1,.,1,5, ,(,K,H,T,M,L,",", ,l,i,k,e, ,G,e,c,k,o,), ,E,d,g,i,O,S,/,1,2,1,.,0,.,2,2,7,7,.,9,9, ,V,e,r,s,i,o,n,/,1,7,.,0, ,M,o,b,i,l,e,/,1,5,E,1,4,8, ,S,a,f,a,r,i,/,6,0,4,.,1
User Agent
M,o,z,i,l,l,a,/,5,.,0, ,(,W,i,n,d,o,w,s, ,N,T, ,1,0,.,0,;, ,W,i,n,6,4,;, ,x,6,4,), ,A,p,p,l,e,W,e,b,K,i,t,/,5,3,7,.,3,6, ,(,K,H,T,M,L,",", ,l,i,k,e, ,G,e,c,k,o,), ,C,h,r,o,m,e,/,1,2,1,.,0,.,0,.,0, ,S,a,f,a,r,i,/,5,3,7,.,3,6, ,E,d,g,/,1,2,1,.,0,.,0,.,0, ,T,r,a,i,l,e,r,/,9,2,.,3,.,3,3,5,7,.,2,7
User Agent
M,o,z,i,l,l,a,/,5,.,0, ,(,M,a,c,i,n,t,o,s,h,;, ,I,n,t,e,l, ,M,a,c, ,O,S, ,X, ,1,0,_,1,2,_,5,;, ,r,v,:,1,2,3,.,0,e,s,r,), ,G,e,c,k,o,/,2,0,1,0,0,1,0,1, ,F,i,r,e,f,o,x,/,1,2,3,.,0,e,s,r
User Agent
M,o,z,i,l,l,a,/,5,.,0, ,(,i,P,h,o,n,e,;, ,C,P,U, ,i,P,h,o,n,e, ,O,S, ,1,7,_,1, ,l,i,k,e, ,M,a,c, ,O,S, ,X,), ,A,p,p,l,e,W,e,b,K,i,t,/,6,0,5,.,1,.,1,5, ,(,K,H,T,M,L,",", ,l,i,k,e, ,G,e,c,k,o,), ,E,d,g,i,O,S,/,1,1,9,.,0,.,2,1,5,1,.,6,5, ,V,e,r,s,i,o,n,/,1,7,.,0, ,M,o,b,i,l,e,/,1,5,E,1,4,8, ,S,a,f,a,r,i,/,6,0,4,.,1
User Agent
M,o,z,i,l,l,a,/,5,.,0, ,(,W,i,n,d,o,w,s, ,N,T, ,1,0,.,0,;, ,W,i,n,6,4,;, ,x,6,4,), ,A,p,p,l,e,W,e,b,K,i,t,/,5,3,7,.,3,6, ,(,K,H,T,M,L,",", ,l,i,k,e, ,G,e,c,k,o,), ,C,h,r,o,m,e,/,1,2,1,.,0,.,0,.,0, ,S,a,f,a,r,i,/,5,3,7,.,3,6, ,E,d,g,/,1,2,1,.,0,.,0,.,0
User Agent
M,o,z,i,l,l,a,/,5,.,0, ,(,W,i,n,d,o,w,s, ,N,T, ,1,0,.,0,;, ,W,i,n,6,4,;, ,x,6,4,), ,A,p,p,l,e,W,e,b,K,i,t,/,5,3,7,.,3,6, ,(,K,H,T,M,L,",", ,l,i,k,e, ,G,e,c,k,o,), ,C,h,r,o,m,e,/,1,2,2,.,0,.,0,.,0, ,S,a,f,a,r,i,/,5,3,7,.,3,6
User Agent
M,o,z,i,l,l,a,/,5,.,0, ,(,W,i,n,d,o,w,s, ,N,T, ,1,0,.,0,;, ,W,i,n,6,4,;, ,x,6,4,), ,A,p,p,l,e,W,e,b,K,i,t,/,5,3,7,.,3,6, ,(,K,H,T,M,L,",", ,l,i,k,e, ,G,e,c,k,o,), ,C,h,r,o,m,e,/,1,2,1,.,0,.,0,.,0, ,S,a,f,a,r,i,/,5,3,7,.,3,6, ,E,d,g,/,1,2,1,.,0,.,0,.,0
User Agent
M,o,z,i,l,l,a,/,5,.,0, ,(,W,i,n,d,o,w,s, ,N,T, ,1,0,.,0,;, ,W,i,n,6,4,;, ,x,6,4,), ,A,p,p,l,e,W,e,b,K,i,t,/,5,3,7,.,3,6, ,(,K,H,T,M,L,",", ,l,i,k,e, ,G,e,c,k,o,), ,C,h,r,o,m,e,/,1,2,2,.,0,.,0,.,0, ,S,a,f,a,r,i,/,5,3,7,.,3,6
User Agent
M,o,z,i,l,l,a,/,5,.,0, ,(,W,i,n,d,o,w,s, ,N,T, ,1,0,.,0,;, ,W,i,n,6,4,;, ,x,6,4,), ,A,p,p,l,e,W,e,b,K,i,t,/,5,3,7,.,3,6, ,(,K,H,T,M,L,",", ,l,i,k,e, ,G,e,c,k,o,), ,C,h,r,o,m,e,/,1,2,1,.,0,.,0,.,0, ,S,a,f,a,r,i,/,5,3,7,.,3,6, ,E,d,g,/,1,2,1,.,0,.,0,.,0
User Agent
M,o,z,i,l,l,a,/,5,.,0, ,(,L,i,n,u,x,;, ,A,n,d,r,o,i,d, ,1,0,;, ,K,), ,A,p,p,l,e,W,e,b,K,i,t,/,5,3,7,.,3,6, ,(,K,H,T,M,L,",", ,l,i,k,e, ,G,e,c,k,o,), ,C,h,r,o,m,e,/,1,2,2,.,0,.,0,.,0, ,M,o,b,i,l,e, ,S,a,f,a,r,i,/,5,3,7,.,3,6
User Agent
M,o,z,i,l,l,a,/,5,.,0, ,(,i,P,h,o,n,e,;, ,C,P,U, ,i,P,h,o,n,e, ,O,S, ,1,7,_,0,_,3, ,l,i,k,e, ,M,a,c, ,O,S, ,X,), ,A,p,p,l,e,W,e,b,K,i,t,/,6,0,5,.,1,.,1,5, ,(,K,H,T,M,L,",", ,l,i,k,e, ,G,e,c,k,o,), ,V,e,r,s,i,o,n,/,1,7,.,0,.,3, ,M,o,b,i,l,e,/,1,5,E,1,4,8, ,S,a,f,a,r,i,/,6,0,4,.,1, ,R,D,D,o,c,u,m,e,n,t,s,/,8,.,7,.,2,.,9,7,8
User Agent
M,o,z,i,l,l,a,/,5,.,0, ,(,W,i,n,d,o,w,s, ,N,T, ,1,0,.,0,;, ,W,i,n,6,4,;, ,x,6,4,;, ,r,v,:,1,2,3,.,0,), ,G,e,c,k,o,/,2,0,1,0,0,1,0,1, ,F,i,r,e,f,o,x,/,1,2,3,.,0
User Agent
M,o,z,i,l,l,a,/,5,.,0, ,(,L,i,n,u,x,;, ,A,n,d,r,o,i,d, ,1,0,;, ,K,), ,A,p,p,l,e,W,e,b,K,i,t,/,5,3,7,.,3,6, ,(,K,H,T,M,L,",", ,l,i,k,e, ,G,e,c,k,o,), ,C,h,r,o,m,e,/,1,2,2,.,0,.,0,.,0, ,M,o,b,i,l,e, ,S,a,f,a,r,i,/,5,3,7,.,3,6
User Agent
M,o,z,i,l,l,a,/,5,.,0, ,(,L,i,n,u,x,;, ,A,n,d,r,o,i,d, ,1,0,;, ,K,), ,A,p,p,l,e,W,e,b,K,i,t,/,5,3,7,.,3,6, ,(,K,H,T,M,L,",", ,l,i,k,e, ,G,e,c,k,o,), ,C,h,r,o,m,e,/,1,2,2,.,0,.,0,.,0, ,M,o,b,i,l,e, ,S,a,f,a,r,i,/,5,3,7,.,3,6
User Agent
M,o,z,i,l,l,a,/,5,.,0, ,(,W,i,n,d,o,w,s, ,N,T, ,1,0,.,0,;, ,W,i,n,6,4,;, ,x,6,4,;, ,r,v,:,1,2,3,.,0,), ,G,e,c,k,o,/,2,0,1,0,0,1,0,1, ,F,i,r,e,f,o,x,/,1,2,3,.,0
User Agent
M,o,z,i,l,l,a,/,5,.,0, ,(,W,i,n,d,o,w,s, ,N,T, ,1,0,.,0,;, ,W,i,n,6,4,;, ,x,6,4,), ,A,p,p,l,e,W,e,b,K,i,t,/,5,3,7,.,3,6, ,(,K,H,T,M,L,",", ,l,i,k,e, ,G,e,c,k,o,), ,C,h,r,o,m,e,/,1,2,1,.,0,.,0,.,0, ,S,a,f,a,r,i,/,5,3,7,.,3,6, ,E,d,g,/,1,2,1,.,0,.,0,.,0
User Agent
M,o,z,i,l,l,a,/,5,.,0, ,(,i,P,h,o,n,e,;, ,C,P,U, ,i,P,h,o,n,e, ,O,S, ,1,7,_,0, ,l,i,k,e, ,M,a,c, ,O,S, ,X,), ,A,p,p,l,e,W,e,b,K,i,t,/,6,0,5,.,1,.,1,5, ,(,K,H,T,M,L,",", ,l,i,k,e, ,G,e,c,k,o,), ,E,d,g,i,O,S,/,1,1,7,.,0,.,2,0,4,5,.,4,8, ,V,e,r,s,i,o,n,/,1,7,.,0, ,M,o,b,i,l,e,/,1,5,E,1,4,8, ,S,a,f,a,r,i,/,6,0,4,.,1
User Agent
M,o,z,i,l,l,a,/,5,.,0, ,(,L,i,n,u,x,;, ,A,n,d,r,o,i,d, ,1,0,;, ,K,), ,A,p,p,l,e,W,e,b,K,i,t,/,5,3,7,.,3,6, ,(,K,H,T,M,L,",", ,l,i,k,e, ,G,e,c,k,o,), ,C,h,r,o,m,e,/,1,2,2,.,0,.,0,.,0, ,M,o,b,i,l,e, ,S,a,f,a,r,i,/,5,3,7,.,3,6
User Agent
M,o,z,i,l,l,a,/,5,.,0, ,(,W,i,n,d,o,w,s, ,N,T, ,1,0,.,0,;, ,W,i,n,6,4,;, ,x,6,4,), ,A,p,p,l,e,W,e,b,K,i,t,/,5,3,7,.,3,6, ,(,K,H,T,M,L,",", ,l,i,k,e, ,G,e,c,k,o,), ,C,h,r,o,m,e,/,1,2,1,.,0,.,0,.,0, ,S,a,f,a,r,i,/,5,3,7,.,3,6, ,E,d,g,/,1,2,1,.,0,.,0,.,0, ,T,r,a,i,l,e,r,/,9,2,.,3,.,3,3,5,7,.,2,7
User Agent
M,o,z,i,l,l,a,/,5,.,0, ,(,X,1,1,;, ,L,i,n,u,x, ,x,8,6,_,6,4,;, ,r,v,:,1,2,3,.,0,), ,G,e,c,k,o,/,2,0,1,0,0,1,0,1, ,F,i,r,e,f,o,x,/,1,2,3,.,0
User Agent
M,o,z,i,l,l,a,/,5,.,0, ,(,W,i,n,d,o,w,s, ,N,T, ,1,0,.,0,;, ,W,i,n,6,4,;, ,x,6,4,), ,A,p,p,l,e,W,e,b,K,i,t,/,5,3,7,.,3,6, ,(,K,H,T,M,L,",", ,l,i,k,e, ,G,e,c,k,o,), ,C,h,r,o,m,e,/,1,2,1,.,0,.,0,.,0, ,S,a,f,a,r,i,/,5,3,7,.,3,6, ,E,d,g,/,1,2,1,.,0,.,0,.,0, ,G,L,S,/,1,0,0,.,1,0,.,9,9,7,9,.,1,0,0
User Agent
M,o,z,i,l,l,a,/,5,.,0, ,(,L,i,n,u,x,;, ,A,n,d,r,o,i,d, ,1,0,;, ,K,), ,A,p,p,l,e,W,e,b,K,i,t,/,5,3,7,.,3,6, ,(,K,H,T,M,L,",", ,l,i,k,e, ,G,e,c,k,o,), ,C,h,r,o,m,e,/,1,2,2,.,0,.,0,.,0, ,M,o,b,i,l,e, ,S,a,f,a,r,i,/,5,3,7,.,3,6
User Agent
M,o,z,i,l,l,a,/,5,.,0, ,(,i,P,h,o,n,e,;, ,C,P,U, ,i,P,h,o,n,e, ,O,S, ,1,7,_,0,_,3, ,l,i,k,e, ,M,a,c, ,O,S, ,X,), ,A,p,p,l,e,W,e,b,K,i,t,/,6,0,5,.,1,.,1,5, ,(,K,H,T,M,L,",", ,l,i,k,e, ,G,e,c,k,o,), ,V,e,r,s,i,o,n,/,1,7,.,0,.,1, ,M,o,b,i,l,e,/,1,5,E,1,4,8, ,S,a,f,a,r,i,/,6,0,4,.,1
User Agent
M,o,z,i,l,l,a,/,5,.,0, ,(,i,P,h,o,n,e,;, ,C,P,U, ,i,P,h,o,n,e, ,O,S, ,1,7,_,1, ,l,i,k,e, ,M,a,c, ,O,S, ,X,), ,A,p,p,l,e,W,e,b,K,i,t,/,6,0,5,.,1,.,1,5, ,(,K,H,T,M,L,",", ,l,i,k,e, ,G,e,c,k,o,), ,E,d,g,i,O,S,/,1,2,0,.,0,.,2,2,1,0,.,8,6, ,V,e,r,s,i,o,n,/,1,7,.,0, ,M,o,b,i,l,e,/,1,5,E,1,4,8, ,S,a,f,a,r,i,/,6,0,4,.,1
User Agent
M,o,z,i,l,l,a,/,5,.,0, ,(,i,P,h,o,n,e,;, ,C,P,U, ,i,P,h,o,n,e, ,O,S, ,1,7,_,2, ,l,i,k,e, ,M,a,c, ,O,S, ,X,), ,A,p,p,l,e,W,e,b,K,i,t,/,6,0,5,.,1,.,1,5, ,(,K,H,T,M,L,",", ,l,i,k,e, ,G,e,c,k,o,), ,E,d,g,i,O,S,/,1,2,0,.,0,.,2,2,1,0,.,1,0,5, ,V,e,r,s,i,o,n,/,1,7,.,0, ,M,o,b,i,l,e,/,1,5,E,1,4,8, ,S,a,f,a,r,i,/,6,0,4,.,1
User Agent
M,o,z,i,l,l,a,/,5,.,0, ,(,W,i,n,d,o,w,s, ,N,T, ,1,0,.,0,;, ,W,i,n,6,4,;, ,x,6,4,), ,A,p,p,l,e,W,e,b,K,i,t,/,5,3,7,.,3,6, ,(,K,H,T,M,L,",", ,l,i,k,e, ,G,e,c,k,o,), ,C,h,r,o,m,e,/,1,2,1,.,0,.,0,.,0, ,S,a,f,a,r,i,/,5,3,7,.,3,6, ,E,d,g,/,1,2,1,.,0,.,0,.,0, ,U,n,i,q,u,e,/,9,7,.,7,.,7,2,3,9,.,7,0
User Agent
M,o,z,i,l,l,a,/,5,.,0, ,(,W,i,n,d,o,w,s, ,N,T, ,1,0,.,0,;, ,W,i,n,6,4,;, ,x,6,4,), ,A,p,p,l,e,W,e,b,K,i,t,/,5,3,7,.,3,6, ,(,K,H,T,M,L,",", ,l,i,k,e, ,G,e,c,k,o,), ,C,h,r,o,m,e,/,1,2,1,.,0,.,0,.,0, ,S,a,f,a,r,i,/,5,3,7,.,3,6, ,E,d,g,/,1,2,1,.,0,.,0,.,0
User Agent
M,o,z,i,l,l,a,/,5,.,0, ,(,W,i,n,d,o,w,s, ,N,T, ,1,0,.,0,;, ,W,i,n,6,4,;, ,x,6,4,), ,A,p,p,l,e,W,e,b,K,i,t,/,5,3,7,.,3,6, ,(,K,H,T,M,L,",", ,l,i,k,e, ,G,e,c,k,o,), ,C,h,r,o,m,e,/,1,2,1,.,0,.,0,.,0, ,S,a,f,a,r,i,/,5,3,7,.,3,6, ,E,d,g,/,1,2,1,.,0,.,0,.,0
User Agent
M,o,z,i,l,l,a,/,5,.,0, ,(,W,i,n,d,o,w,s, ,N,T, ,1,0,.,0,;, ,W,i,n,6,4,;, ,x,6,4,;, ,r,v,:,1,2,3,.,0,), ,G,e,c,k,o,/,2,0,1,0,0,1,0,1, ,F,i,r,e,f,o,x,/,1,2,3,.,0
User Agent
M,o,z,i,l,l,a,/,5,.,0, ,(,W,i,n,d,o,w,s, ,N,T, ,1,0,.,0,;, ,W,i,n,6,4,;, ,x,6,4,), ,A,p,p,l,e,W,e,b,K,i,t,/,5,3,7,.,3,6, ,(,K,H,T,M,L,",", ,l,i,k,e, ,G,e,c,k,o,), ,C,h,r,o,m,e,/,1,2,2,.,0,.,0,.,0, ,S,a,f,a,r,i,/,5,3,7,.,3,6, ,T,r,a,i,l,e,r,/,9,3,.,3,.,3,5,1,6,.,2,8
